<?xml version="1.0" encoding="UTF-8"?>
<testng-results skipped="0" failed="0" ignored="0" total="2" passed="2">
  <reporter-output>
  </reporter-output>
  <suite name="org.wso2.carbon.identity.jsonrpc.serializer.RequestDeserializerTest" duration-ms="67" started-at="2019-10-11T11:09:25Z" finished-at="2019-10-11T11:09:25Z">
    <groups>
    </groups>
    <test name="Command line test" duration-ms="67" started-at="2019-10-11T11:09:25Z" finished-at="2019-10-11T11:09:25Z">
      <class name="org.wso2.carbon.identity.jsonrpc.serializer.RequestDeserializerTest">
        <test-method status="PASS" signature="setUp()[pri:0, instance:org.wso2.carbon.identity.jsonrpc.serializer.RequestDeserializerTest@7921b0a2]" name="setUp" is-config="true" duration-ms="41" started-at="2019-10-11T11:09:25Z" finished-at="2019-10-11T11:09:25Z">
          <reporter-output>
          </reporter-output>
        </test-method> <!-- setUp -->
        <test-method status="PASS" signature="testDeserialize()[pri:0, instance:org.wso2.carbon.identity.jsonrpc.serializer.RequestDeserializerTest@7921b0a2]" name="testDeserialize" duration-ms="6" started-at="2019-10-11T11:09:25Z" finished-at="2019-10-11T11:09:25Z">
          <reporter-output>
          </reporter-output>
        </test-method> <!-- testDeserialize -->
        <test-method status="PASS" signature="testSuccessSerialize()[pri:0, instance:org.wso2.carbon.identity.jsonrpc.serializer.RequestDeserializerTest@7921b0a2]" name="testSuccessSerialize" duration-ms="6" started-at="2019-10-11T11:09:25Z" finished-at="2019-10-11T11:09:25Z">
          <reporter-output>
          </reporter-output>
        </test-method> <!-- testSuccessSerialize -->
      </class> <!-- org.wso2.carbon.identity.jsonrpc.serializer.RequestDeserializerTest -->
    </test> <!-- Command line test -->
  </suite> <!-- org.wso2.carbon.identity.jsonrpc.serializer.RequestDeserializerTest -->
</testng-results>
