<?xml version="1.0" encoding="UTF-8"?>
<!-- Generated by org.testng.reporters.JUnitXMLReporter -->
<testsuite hostname="wathsara" ignored="0" name="Command line test" tests="2" failures="0" timestamp="05 Oct 2019 03:33:07 GMT" time="0.063" errors="0">
  <testcase name="testDeserialize" time="0.006" classname="org.wso2.carbon.identity.jsonrpc.serializer.RequestDeserializerTest"/>
  <testcase name="testSuccessSerialize" time="0.003" classname="org.wso2.carbon.identity.jsonrpc.serializer.RequestDeserializerTest"/>
</testsuite> <!-- Command line test -->
